
---------------------
LEVEL-:- 2--
SEVERITY-:- error--
MESSAGE-:- TypeError: array_map(): Argument #2 ($array) must be of type array, null given in /app/core/modules/logger/ErrorLogger.php:101
Stack trace:
#0 /app/core/modules/logger/ErrorLogger.php(101): array_map(Object(Closure), NULL)
#1 /app/vendor/simp/router/src/Router/RouterRegister.php(39): Simp\Core\modules\logger\ErrorLogger->__destruct()
#2 /app/vendor/simp/router/src/Router/RouterRegister.php(54): Simp\Router\Router\RouterRegister->handlerController('admin_report_si...', Object(Simp\Core\lib\controllers\SystemController), Array)
#3 /app/vendor/simp/router/src/Route.php(26): Simp\Router\Router\RouterRegister->get('/admin/reports', 'admin_report_si...', Object(Simp\Core\lib\controllers\SystemController), Array)
#4 /app/core/lib/app/App.php(144): Simp\Router\Route::get('/admin/reports', 'admin_report_si...', 'Simp\\Core\\lib\\c...', Array)
#5 /app/core/lib/app/App.php(80): Simp\Core\lib\app\App->mapRouteListeners()
#6 /app/core/lib/app/App.php(110): Simp\Core\lib\app\App->__construct()
#7 /app/public/index.php(8): Simp\Core\lib\app\App::runApp()
#8 {main}--
CREATED-:- 1742303892
---------------------

---------------------
LEVEL-:- 2--
SEVERITY-:- error--
MESSAGE-:- TypeError: array_map(): Argument #2 ($array) must be of type array, null given in /app/core/modules/logger/ErrorLogger.php:101
Stack trace:
#0 /app/core/modules/logger/ErrorLogger.php(101): array_map(Object(Closure), NULL)
#1 /app/vendor/simp/router/src/Router/RouterRegister.php(39): Simp\Core\modules\logger\ErrorLogger->__destruct()
#2 /app/vendor/simp/router/src/Router/RouterRegister.php(54): Simp\Router\Router\RouterRegister->handlerController('admin_report_si...', Object(Simp\Core\lib\controllers\SystemController), Array)
#3 /app/vendor/simp/router/src/Route.php(26): Simp\Router\Router\RouterRegister->get('/admin/reports', 'admin_report_si...', Object(Simp\Core\lib\controllers\SystemController), Array)
#4 /app/core/lib/app/App.php(144): Simp\Router\Route::get('/admin/reports', 'admin_report_si...', 'Simp\\Core\\lib\\c...', Array)
#5 /app/core/lib/app/App.php(80): Simp\Core\lib\app\App->mapRouteListeners()
#6 /app/core/lib/app/App.php(110): Simp\Core\lib\app\App->__construct()
#7 /app/public/index.php(8): Simp\Core\lib\app\App::runApp()
#8 {main}--
CREATED-:- 1742303916
---------------------

---------------------
LEVEL-:- 2--
SEVERITY-:- error--
MESSAGE-:- TypeError: array_map(): Argument #2 ($array) must be of type array, null given in /app/core/modules/logger/ErrorLogger.php:101
Stack trace:
#0 /app/core/modules/logger/ErrorLogger.php(101): array_map(Object(Closure), NULL)
#1 /app/vendor/simp/router/src/Router/RouterRegister.php(39): Simp\Core\modules\logger\ErrorLogger->__destruct()
#2 /app/vendor/simp/router/src/Router/RouterRegister.php(54): Simp\Router\Router\RouterRegister->handlerController('admin_report_si...', Object(Simp\Core\lib\controllers\SystemController), Array)
#3 /app/vendor/simp/router/src/Route.php(26): Simp\Router\Router\RouterRegister->get('/admin/reports', 'admin_report_si...', Object(Simp\Core\lib\controllers\SystemController), Array)
#4 /app/core/lib/app/App.php(144): Simp\Router\Route::get('/admin/reports', 'admin_report_si...', 'Simp\\Core\\lib\\c...', Array)
#5 /app/core/lib/app/App.php(80): Simp\Core\lib\app\App->mapRouteListeners()
#6 /app/core/lib/app/App.php(110): Simp\Core\lib\app\App->__construct()
#7 /app/public/index.php(8): Simp\Core\lib\app\App::runApp()
#8 {main}--
CREATED-:- 1742303938
---------------------
